#
# A fatal error has been detected by the Java Runtime Environment:
#
#  EXCEPTION_ACCESS_VIOLATION (0xc0000005) at pc=0x000000006536658f, pid=10576, tid=0x0000000000002a3c
#
# JRE version: OpenJDK Runtime Environment (8.0_112-b06) (build 1.8.0_112-release-b06)
# Java VM: OpenJDK 64-Bit Server VM (25.112-b06 mixed mode windows-amd64 compressed oops)
# Problematic frame:
# V  [jvm.dll+0x46658f]
#
# Failed to write core dump. Minidumps are not enabled by default on client versions of Windows
#
# If you would like to submit a bug report, please visit:
#   http://bugreport.java.com/bugreport/crash.jsp
#

---------------  T H R E A D  ---------------

Current thread (0x000000001634e800):  JavaThread "C2 CompilerThread1" daemon [_thread_in_native, id=10812, stack(0x0000000017e30000,0x0000000017f30000)]

siginfo: ExceptionCode=0xc0000005, reading address 0x0000000000000000

Registers:
RAX=0x000000001cab2a30, RBX=0x00000000240c8fd0, RCX=0x0000000000000000, RDX=0x0000000000000000
RSP=0x0000000017f2c3b0, RBP=0x0000000017f2c830, RSI=0x0000000017f2c540, RDI=0x000000000000200c
R8 =0x0000000000001000, R9 =0x0000000000000000, R10=0x0000000064f00000, R11=0x00000000000000fc
R12=0x00000000656c2010, R13=0x0000000064f00000, R14=0x0000000064f00000, R15=0x0000000000000000
RIP=0x000000006536658f, EFLAGS=0x0000000000010206

Top of Stack: (sp=0x0000000017f2c3b0)
0x0000000017f2c3b0:   00000000240c8f30 0000000017f2c540
0x0000000017f2c3c0:   0000000017f2c830 0000000017f2c540
0x0000000017f2c3d0:   00000f4d0003fe03 0000000000000003
0x0000000017f2c3e0:   000000001d724ae0 0000000000000010
0x0000000017f2c3f0:   000000001d20e440 000000000000003b
0x0000000017f2c400:   00000000241707d0 000000002109f138
0x0000000017f2c410:   000000000000752f ffffffffffffffff
0x0000000017f2c420:   0000000000000001 0000000065331004
0x0000000017f2c430:   0000000025644590 0000000017f2c830
0x0000000017f2c440:   000000000000200c 00000000001403c0
0x0000000017f2c450:   0000200c00000000 0000000000000008
0x0000000017f2c460:   000000001f23a1a0 000000000000003b
0x0000000017f2c470:   000000001d20d930 000000000000003b
0x0000000017f2c480:   0000000024170410 0000000000000000
0x0000000017f2c490:   000000001d6b7b28 0000000000000000
0x0000000017f2c4a0:   00000000000003d8 000000001d6b7750 

Instructions: (pc=0x000000006536658f)
0x000000006536656f:   e8 3c 47 00 00 4c 8b c8 8b d7 8b cf 41 b8 01 00
0x000000006536657f:   00 00 c1 ea 05 83 e1 1f 83 e2 07 41 d3 e0 8b ca
0x000000006536658f:   41 8b 14 91 8b c2 41 0b c0 41 89 04 89 41 85 d0
0x000000006536659f:   0f 85 4b ff ff ff ff 03 e9 44 ff ff ff 48 8b 9c 


Register to memory mapping:

RAX=0x000000001cab2a30 is an unknown value
RBX=0x00000000240c8fd0 is an unknown value
RCX=0x0000000000000000 is an unknown value
RDX=0x0000000000000000 is an unknown value
RSP=0x0000000017f2c3b0 is pointing into the stack for thread: 0x000000001634e800
RBP=0x0000000017f2c830 is pointing into the stack for thread: 0x000000001634e800
RSI=0x0000000017f2c540 is pointing into the stack for thread: 0x000000001634e800
RDI=0x000000000000200c is an unknown value
R8 =0x0000000000001000 is an unknown value
R9 =0x0000000000000000 is an unknown value
R10=0x0000000064f00000 is an unknown value
R11=0x00000000000000fc is an unknown value
R12=0x00000000656c2010 is an unknown value
R13=0x0000000064f00000 is an unknown value
R14=0x0000000064f00000 is an unknown value
R15=0x0000000000000000 is an unknown value


Stack: [0x0000000017e30000,0x0000000017f30000],  sp=0x0000000017f2c3b0,  free space=1008k
Native frames: (J=compiled Java code, j=interpreted, Vv=VM code, C=native code)
V  [jvm.dll+0x46658f]
V  [jvm.dll+0x431004]
V  [jvm.dll+0x432ce3]
V  [jvm.dll+0x43d6bb]
V  [jvm.dll+0x43ff8e]
V  [jvm.dll+0x423242]
V  [jvm.dll+0x80b29]
V  [jvm.dll+0x8145f]
V  [jvm.dll+0x21be7f]
V  [jvm.dll+0x26c13a]
C  [msvcr100.dll+0x21d9f]
C  [msvcr100.dll+0x21e3b]
C  [KERNEL32.DLL+0x13d2]
C  [ntdll.dll+0x703c4]


Current CompileTask:
C2:3442232 19044  s    4       java.lang.reflect.Field::declaredAnnotations (59 bytes)


---------------  P R O C E S S  ---------------

Java Threads: ( => current thread )
  0x000000001c403800 JavaThread "Stdin handler" [_thread_blocked, id=14032, stack(0x000000001cd60000,0x000000001ce60000)]
  0x000000001c3ff000 JavaThread "Asynchronous log dispatcher for DefaultDaemonConnection: socket connection from /127.0.0.1:5617 to /127.0.0.1:9993" [_thread_blocked, id=14220, stack(0x000000001bbc0000,0x000000001bcc0000)]
  0x000000001c402000 JavaThread "Cancel handler" [_thread_blocked, id=12984, stack(0x000000001a5f0000,0x000000001a6f0000)]
  0x000000001c3fd800 JavaThread "Handler for socket connection from /127.0.0.1:5617 to /127.0.0.1:9993" [_thread_in_native, id=11840, stack(0x000000001a4f0000,0x000000001a5f0000)]
  0x000000001c401000 JavaThread "Daemon worker Thread 9" [_thread_in_native, id=13808, stack(0x000000001a3f0000,0x000000001a4f0000)]
  0x000000001c400800 JavaThread "Daemon Thread 9" [_thread_blocked, id=14116, stack(0x0000000019ff0000,0x000000001a0f0000)]
  0x000000001c40c800 JavaThread "pool-6-thread-4" [_thread_blocked, id=12912, stack(0x0000000023d30000,0x0000000023e30000)]
  0x000000001c408000 JavaThread "pool-6-thread-3" [_thread_blocked, id=3444, stack(0x0000000023730000,0x0000000023830000)]
  0x000000001c405000 JavaThread "pool-6-thread-2" [_thread_blocked, id=9548, stack(0x00000000206e0000,0x00000000207e0000)]
  0x000000001c3fe000 JavaThread "pool-6-thread-1" [_thread_blocked, id=12992, stack(0x000000001ef20000,0x000000001f020000)]
  0x000000001ab30000 JavaThread "File lock request listener" [_thread_in_native, id=11008, stack(0x000000001b8c0000,0x000000001b9c0000)]
  0x000000001936f800 JavaThread "pool-1-thread-1" [_thread_blocked, id=8124, stack(0x000000001a0f0000,0x000000001a1f0000)]
  0x0000000019348000 JavaThread "Incoming local TCP Connector on port 5617" [_thread_in_native, id=11292, stack(0x0000000019c00000,0x0000000019d00000)]
  0x000000001778c800 JavaThread "Service Thread" daemon [_thread_blocked, id=10156, stack(0x0000000018030000,0x0000000018130000)]
  0x0000000017783800 JavaThread "C1 CompilerThread2" daemon [_thread_blocked, id=12976, stack(0x0000000017f30000,0x0000000018030000)]
=>0x000000001634e800 JavaThread "C2 CompilerThread1" daemon [_thread_in_native, id=10812, stack(0x0000000017e30000,0x0000000017f30000)]
  0x0000000016347000 JavaThread "C2 CompilerThread0" daemon [_thread_in_native, id=12688, stack(0x0000000017d30000,0x0000000017e30000)]
  0x0000000016346000 JavaThread "Attach Listener" daemon [_thread_blocked, id=12664, stack(0x0000000017c30000,0x0000000017d30000)]
  0x00000000162fb800 JavaThread "Signal Dispatcher" daemon [_thread_blocked, id=10524, stack(0x0000000017b30000,0x0000000017c30000)]
  0x000000000288a800 JavaThread "Finalizer" daemon [_thread_blocked, id=5456, stack(0x0000000017550000,0x0000000017650000)]
  0x0000000002880000 JavaThread "Reference Handler" daemon [_thread_blocked, id=12336, stack(0x0000000017450000,0x0000000017550000)]
  0x0000000002790800 JavaThread "main" [_thread_blocked, id=10108, stack(0x0000000002370000,0x0000000002470000)]

Other Threads:
  0x00000000162b5800 VMThread [stack: 0x0000000017350000,0x0000000017450000] [id=12012]
  0x000000001778e000 WatcherThread [stack: 0x0000000018130000,0x0000000018230000] [id=7732]

VM state:not at safepoint (normal execution)

VM Mutex/Monitor currently owned by a thread: None

Heap:
 PSYoungGen      total 485376K, used 411293K [0x00000000e0000000, 0x00000000ffe80000, 0x0000000100000000)
  eden space 450048K, 90% used [0x00000000e0000000,0x00000000f8d0f158,0x00000000fb780000)
  from space 35328K, 13% used [0x00000000fdc00000,0x00000000fe098680,0x00000000ffe80000)
  to   space 36352K, 0% used [0x00000000fb780000,0x00000000fb780000,0x00000000fdb00000)
 ParOldGen       total 239616K, used 76926K [0x00000000a0000000, 0x00000000aea00000, 0x00000000e0000000)
  object space 239616K, 32% used [0x00000000a0000000,0x00000000a4b1f9d8,0x00000000aea00000)
 Metaspace       used 80044K, capacity 84690K, committed 84992K, reserved 1124352K
  class space    used 10192K, capacity 10886K, committed 11008K, reserved 1048576K

Card table byte_map: [0x0000000011d40000,0x0000000012050000] byte_map_base: 0x0000000011840000

Marking Bits: (ParMarkBitMap*) 0x00000000656c18f0
 Begin Bits: [0x0000000012650000, 0x0000000013e50000)
 End Bits:   [0x0000000013e50000, 0x0000000015650000)

Polling page: 0x0000000002470000

CodeCache: size=245760Kb used=54872Kb max_used=54873Kb free=190887Kb
 bounds [0x0000000002980000, 0x0000000005f60000, 0x0000000011980000]
 total_blobs=16038 nmethods=15207 adapters=742
 compilation: enabled

Compilation events (10 events):
Event: 3441.302 Thread 0x0000000017783800 19093       3       org.gradle.api.internal.tasks.CompositeTaskOutputPropertySpec::withPathSensitivity (6 bytes)
Event: 3441.302 Thread 0x0000000017783800 nmethod 19093 0x0000000005f56890 code [0x0000000005f56a00, 0x0000000005f56c08]
Event: 3441.302 Thread 0x0000000017783800 19094       3       org.gradle.api.internal.tasks.CompositeTaskOutputPropertySpec::optional (6 bytes)
Event: 3441.302 Thread 0x0000000017783800 nmethod 19094 0x0000000005f564d0 code [0x0000000005f56620, 0x0000000005f567d0]
Event: 3441.306 Thread 0x0000000017783800 19095       1       org.gradle.api.internal.project.DefaultProject::getChildProjects (5 bytes)
Event: 3441.306 Thread 0x0000000017783800 nmethod 19095 0x0000000005f4d690 code [0x0000000005f4d7e0, 0x0000000005f4d8f0]
Event: 3441.309 Thread 0x0000000017783800 19096       3       java.util.SubList::get (23 bytes)
Event: 3441.309 Thread 0x0000000017783800 nmethod 19096 0x0000000005f5a510 code [0x0000000005f5a6c0, 0x0000000005f5ac18]
Event: 3441.309 Thread 0x0000000017783800 19097       3       java.util.SubList::rangeCheck (26 bytes)
Event: 3441.309 Thread 0x0000000017783800 nmethod 19097 0x0000000005f59250 code [0x0000000005f59460, 0x0000000005f59f78]

GC Heap History (10 events):
Event: 1575.893 GC heap before
{Heap before GC invocations=15 (full 3):
 PSYoungGen      total 264192K, used 238541K [0x00000000e0000000, 0x00000000f9b00000, 0x0000000100000000)
  eden space 235520K, 100% used [0x00000000e0000000,0x00000000ee600000,0x00000000ee600000)
  from space 28672K, 10% used [0x00000000ee600000,0x00000000ee8f34b0,0x00000000f0200000)
  to   space 28672K, 0% used [0x00000000f7f00000,0x00000000f7f00000,0x00000000f9b00000)
 ParOldGen       total 239616K, used 43984K [0x00000000a0000000, 0x00000000aea00000, 0x00000000e0000000)
  object space 239616K, 18% used [0x00000000a0000000,0x00000000a2af4178,0x00000000aea00000)
 Metaspace       used 67784K, capacity 70772K, committed 71040K, reserved 1110016K
  class space    used 8906K, capacity 9479K, committed 9600K, reserved 1048576K
Event: 1575.940 GC heap after
Heap after GC invocations=15 (full 3):
 PSYoungGen      total 382464K, used 28647K [0x00000000e0000000, 0x00000000faa80000, 0x0000000100000000)
  eden space 353792K, 0% used [0x00000000e0000000,0x00000000e0000000,0x00000000f5980000)
  from space 28672K, 99% used [0x00000000f7f00000,0x00000000f9af9c88,0x00000000f9b00000)
  to   space 38400K, 0% used [0x00000000f5980000,0x00000000f5980000,0x00000000f7f00000)
 ParOldGen       total 239616K, used 57883K [0x00000000a0000000, 0x00000000aea00000, 0x00000000e0000000)
  object space 239616K, 24% used [0x00000000a0000000,0x00000000a3886ed8,0x00000000aea00000)
 Metaspace       used 67784K, capacity 70772K, committed 71040K, reserved 1110016K
  class space    used 8906K, capacity 9479K, committed 9600K, reserved 1048576K
}
Event: 2762.364 GC heap before
{Heap before GC invocations=16 (full 3):
 PSYoungGen      total 382464K, used 382439K [0x00000000e0000000, 0x00000000faa80000, 0x0000000100000000)
  eden space 353792K, 100% used [0x00000000e0000000,0x00000000f5980000,0x00000000f5980000)
  from space 28672K, 99% used [0x00000000f7f00000,0x00000000f9af9c88,0x00000000f9b00000)
  to   space 38400K, 0% used [0x00000000f5980000,0x00000000f5980000,0x00000000f7f00000)
 ParOldGen       total 239616K, used 57883K [0x00000000a0000000, 0x00000000aea00000, 0x00000000e0000000)
  object space 239616K, 24% used [0x00000000a0000000,0x00000000a3886ed8,0x00000000aea00000)
 Metaspace       used 70719K, capacity 74042K, committed 74240K, reserved 1114112K
  class space    used 9250K, capacity 9890K, committed 9984K, reserved 1048576K
Event: 2762.385 GC heap after
Heap after GC invocations=16 (full 3):
 PSYoungGen      total 392192K, used 9065K [0x00000000e0000000, 0x0000000100000000, 0x0000000100000000)
  eden space 353792K, 0% used [0x00000000e0000000,0x00000000e0000000,0x00000000f5980000)
  from space 38400K, 23% used [0x00000000f5980000,0x00000000f625a6e8,0x00000000f7f00000)
  to   space 37376K, 0% used [0x00000000fdb80000,0x00000000fdb80000,0x0000000100000000)
 ParOldGen       total 239616K, used 68135K [0x00000000a0000000, 0x00000000aea00000, 0x00000000e0000000)
  object space 239616K, 28% used [0x00000000a0000000,0x00000000a4289d58,0x00000000aea00000)
 Metaspace       used 70719K, capacity 74042K, committed 74240K, reserved 1114112K
  class space    used 9250K, capacity 9890K, committed 9984K, reserved 1048576K
}
Event: 2768.296 GC heap before
{Heap before GC invocations=17 (full 3):
 PSYoungGen      total 392192K, used 362857K [0x00000000e0000000, 0x0000000100000000, 0x0000000100000000)
  eden space 353792K, 100% used [0x00000000e0000000,0x00000000f5980000,0x00000000f5980000)
  from space 38400K, 23% used [0x00000000f5980000,0x00000000f625a6e8,0x00000000f7f00000)
  to   space 37376K, 0% used [0x00000000fdb80000,0x00000000fdb80000,0x0000000100000000)
 ParOldGen       total 239616K, used 68135K [0x00000000a0000000, 0x00000000aea00000, 0x00000000e0000000)
  object space 239616K, 28% used [0x00000000a0000000,0x00000000a4289d58,0x00000000aea00000)
 Metaspace       used 72414K, capacity 75958K, committed 76160K, reserved 1116160K
  class space    used 9359K, capacity 9994K, committed 10112K, reserved 1048576K
Event: 2768.339 GC heap after
Heap after GC invocations=17 (full 3):
 PSYoungGen      total 484864K, used 21497K [0x00000000e0000000, 0x00000000fff00000, 0x0000000100000000)
  eden space 448512K, 0% used [0x00000000e0000000,0x00000000e0000000,0x00000000fb600000)
  from space 36352K, 59% used [0x00000000fdb80000,0x00000000ff07e520,0x00000000fff00000)
  to   space 37376K, 0% used [0x00000000fb600000,0x00000000fb600000,0x00000000fda80000)
 ParOldGen       total 239616K, used 74918K [0x00000000a0000000, 0x00000000aea00000, 0x00000000e0000000)
  object space 239616K, 31% used [0x00000000a0000000,0x00000000a4929978,0x00000000aea00000)
 Metaspace       used 72414K, capacity 75958K, committed 76160K, reserved 1116160K
  class space    used 9359K, capacity 9994K, committed 10112K, reserved 1048576K
}
Event: 2935.552 GC heap before
{Heap before GC invocations=18 (full 3):
 PSYoungGen      total 484864K, used 470009K [0x00000000e0000000, 0x00000000fff00000, 0x0000000100000000)
  eden space 448512K, 100% used [0x00000000e0000000,0x00000000fb600000,0x00000000fb600000)
  from space 36352K, 59% used [0x00000000fdb80000,0x00000000ff07e520,0x00000000fff00000)
  to   space 37376K, 0% used [0x00000000fb600000,0x00000000fb600000,0x00000000fda80000)
 ParOldGen       total 239616K, used 74918K [0x00000000a0000000, 0x00000000aea00000, 0x00000000e0000000)
  object space 239616K, 31% used [0x00000000a0000000,0x00000000a4929978,0x00000000aea00000)
 Metaspace       used 73181K, capacity 77166K, committed 77184K, reserved 1116160K
  class space    used 9427K, capacity 10102K, committed 10112K, reserved 1048576K
Event: 2935.563 GC heap after
Heap after GC invocations=18 (full 3):
 PSYoungGen      total 485888K, used 7050K [0x00000000e0000000, 0x0000000100000000, 0x0000000100000000)
  eden space 448512K, 0% used [0x00000000e0000000,0x00000000e0000000,0x00000000fb600000)
  from space 37376K, 18% used [0x00000000fb600000,0x00000000fbce2818,0x00000000fda80000)
  to   space 36864K, 0% used [0x00000000fdc00000,0x00000000fdc00000,0x0000000100000000)
 ParOldGen       total 239616K, used 75918K [0x00000000a0000000, 0x00000000aea00000, 0x00000000e0000000)
  object space 239616K, 31% used [0x00000000a0000000,0x00000000a4a239a8,0x00000000aea00000)
 Metaspace       used 73181K, capacity 77166K, committed 77184K, reserved 1116160K
  class space    used 9427K, capacity 10102K, committed 10112K, reserved 1048576K
}
Event: 3173.228 GC heap before
{Heap before GC invocations=19 (full 3):
 PSYoungGen      total 485888K, used 455562K [0x00000000e0000000, 0x0000000100000000, 0x0000000100000000)
  eden space 448512K, 100% used [0x00000000e0000000,0x00000000fb600000,0x00000000fb600000)
  from space 37376K, 18% used [0x00000000fb600000,0x00000000fbce2818,0x00000000fda80000)
  to   space 36864K, 0% used [0x00000000fdc00000,0x00000000fdc00000,0x0000000100000000)
 ParOldGen       total 239616K, used 75918K [0x00000000a0000000, 0x00000000aea00000, 0x00000000e0000000)
  object space 239616K, 31% used [0x00000000a0000000,0x00000000a4a239a8,0x00000000aea00000)
 Metaspace       used 73531K, capacity 77640K, committed 77824K, reserved 1116160K
  class space    used 9445K, capacity 10121K, committed 10240K, reserved 1048576K
Event: 3173.241 GC heap after
Heap after GC invocations=19 (full 3):
 PSYoungGen      total 485376K, used 4705K [0x00000000e0000000, 0x00000000ffe80000, 0x0000000100000000)
  eden space 450048K, 0% used [0x00000000e0000000,0x00000000e0000000,0x00000000fb780000)
  from space 35328K, 13% used [0x00000000fdc00000,0x00000000fe098680,0x00000000ffe80000)
  to   space 36352K, 0% used [0x00000000fb780000,0x00000000fb780000,0x00000000fdb00000)
 ParOldGen       total 239616K, used 76926K [0x00000000a0000000, 0x00000000aea00000, 0x00000000e0000000)
  object space 239616K, 32% used [0x00000000a0000000,0x00000000a4b1f9d8,0x00000000aea00000)
 Metaspace       used 73531K, capacity 77640K, committed 77824K, reserved 1116160K
  class space    used 9445K, capacity 10121K, committed 10240K, reserved 1048576K
}

Deoptimization events (10 events):
Event: 3382.777 Thread 0x000000001c401000 Uncommon trap: reason=predicate action=maybe_recompile pc=0x0000000004e29dd8 method=org.gradle.internal.serialize.AbstractCollectionSerializer.readValues(Lorg/gradle/internal/serialize/Decoder;Ljava/util/Collection;)V @ 16
Event: 3437.632 Thread 0x000000001c3fd800 Uncommon trap: reason=bimorphic action=maybe_recompile pc=0x0000000005cba28c method=java.io.DataInputStream.readChar()C @ 4
Event: 3437.632 Thread 0x000000001c3fd800 Uncommon trap: reason=bimorphic action=maybe_recompile pc=0x0000000005cba28c method=java.io.DataInputStream.readChar()C @ 4
Event: 3437.634 Thread 0x000000001c3fd800 Uncommon trap: reason=bimorphic action=maybe_recompile pc=0x0000000005cba28c method=java.io.DataInputStream.readChar()C @ 4
Event: 3437.634 Thread 0x000000001c3fd800 Uncommon trap: reason=bimorphic action=maybe_recompile pc=0x0000000005cba28c method=java.io.DataInputStream.readChar()C @ 4
Event: 3437.642 Thread 0x000000001c401000 Uncommon trap: reason=predicate action=maybe_recompile pc=0x000000000492d650 method=com.google.common.collect.ImmutableSet.construct(I[Ljava/lang/Object;)Lcom/google/common/collect/ImmutableSet; @ 71
Event: 3438.556 Thread 0x000000001c401000 Uncommon trap: reason=bimorphic action=maybe_recompile pc=0x0000000005309344 method=com.google.common.collect.AbstractMapBasedMultimap.put(Ljava/lang/Object;Ljava/lang/Object;)Z @ 5
Event: 3438.556 Thread 0x000000001c401000 Uncommon trap: reason=bimorphic action=maybe_recompile pc=0x0000000005309344 method=com.google.common.collect.AbstractMapBasedMultimap.put(Ljava/lang/Object;Ljava/lang/Object;)Z @ 5
Event: 3438.556 Thread 0x000000001c401000 Uncommon trap: reason=bimorphic action=maybe_recompile pc=0x0000000005309344 method=com.google.common.collect.AbstractMapBasedMultimap.put(Ljava/lang/Object;Ljava/lang/Object;)Z @ 5
Event: 3438.556 Thread 0x000000001c401000 Uncommon trap: reason=bimorphic action=maybe_recompile pc=0x0000000005309344 method=com.google.common.collect.AbstractMapBasedMultimap.put(Ljava/lang/Object;Ljava/lang/Object;)Z @ 5

Internal exceptions (10 events):
Event: 3440.284 Thread 0x000000001c401000 Exception <a 'sun/nio/fs/WindowsException'> (0x00000000f7b210d8) thrown at [C:\src\android\AOSP-openjdk\external\jetbrains\jdk\hotspot\src\share\vm\prims\jni.cpp, line 709]
Event: 3440.284 Thread 0x000000001c401000 Exception <a 'sun/nio/fs/WindowsException'> (0x00000000f7b21d58) thrown at [C:\src\android\AOSP-openjdk\external\jetbrains\jdk\hotspot\src\share\vm\prims\jni.cpp, line 709]
Event: 3440.284 Thread 0x000000001c401000 Exception <a 'sun/nio/fs/WindowsException'> (0x00000000f7b24fb8) thrown at [C:\src\android\AOSP-openjdk\external\jetbrains\jdk\hotspot\src\share\vm\prims\jni.cpp, line 709]
Event: 3440.284 Thread 0x000000001c401000 Exception <a 'sun/nio/fs/WindowsException'> (0x00000000f7b25b88) thrown at [C:\src\android\AOSP-openjdk\external\jetbrains\jdk\hotspot\src\share\vm\prims\jni.cpp, line 709]
Event: 3440.284 Thread 0x000000001c401000 Exception <a 'sun/nio/fs/WindowsException'> (0x00000000f7b277a0) thrown at [C:\src\android\AOSP-openjdk\external\jetbrains\jdk\hotspot\src\share\vm\prims\jni.cpp, line 709]
Event: 3440.284 Thread 0x000000001c401000 Exception <a 'sun/nio/fs/WindowsException'> (0x00000000f7b283a8) thrown at [C:\src\android\AOSP-openjdk\external\jetbrains\jdk\hotspot\src\share\vm\prims\jni.cpp, line 709]
Event: 3440.284 Thread 0x000000001c401000 Exception <a 'sun/nio/fs/WindowsException'> (0x00000000f7b2ace0) thrown at [C:\src\android\AOSP-openjdk\external\jetbrains\jdk\hotspot\src\share\vm\prims\jni.cpp, line 709]
Event: 3440.284 Thread 0x000000001c401000 Exception <a 'sun/nio/fs/WindowsException'> (0x00000000f7b2b928) thrown at [C:\src\android\AOSP-openjdk\external\jetbrains\jdk\hotspot\src\share\vm\prims\jni.cpp, line 709]
Event: 3440.284 Thread 0x000000001c401000 Exception <a 'sun/nio/fs/WindowsException'> (0x00000000f7b2d5b8) thrown at [C:\src\android\AOSP-openjdk\external\jetbrains\jdk\hotspot\src\share\vm\prims\jni.cpp, line 709]
Event: 3440.284 Thread 0x000000001c401000 Exception <a 'sun/nio/fs/WindowsException'> (0x00000000f7b2e238) thrown at [C:\src\android\AOSP-openjdk\external\jetbrains\jdk\hotspot\src\share\vm\prims\jni.cpp, line 709]

Events (10 events):
Event: 3439.658 loading class asLocalRepo6566_clfoftjsobibk2x8qns155gwy$_run_closure1$_closure3
Event: 3439.658 loading class asLocalRepo6566_clfoftjsobibk2x8qns155gwy$_run_closure1$_closure3 done
Event: 3439.658 loading class groovy/runtime/metaclass/asLocalRepo6566_clfoftjsobibk2x8qns155gwy$_run_closure1$_closure3MetaClass
Event: 3439.658 loading class groovy/runtime/metaclass/asLocalRepo6566_clfoftjsobibk2x8qns155gwy$_run_closure1$_closure3MetaClass done
Event: 3439.659 loading class asLocalRepo6566_clfoftjsobibk2x8qns155gwy$_run_closure1$_closure3$_closure6
Event: 3439.659 loading class asLocalRepo6566_clfoftjsobibk2x8qns155gwy$_run_closure1$_closure3$_closure6 done
Event: 3439.659 loading class groovy/runtime/metaclass/asLocalRepo6566_clfoftjsobibk2x8qns155gwy$_run_closure1$_closure3$_closure6MetaClass
Event: 3439.659 loading class groovy/runtime/metaclass/asLocalRepo6566_clfoftjsobibk2x8qns155gwy$_run_closure1$_closure3$_closure6MetaClass done
Event: 3441.200 loading class org/gradle/internal/component/local/model/DefaultLocalComponentMetadata$1
Event: 3441.200 loading class org/gradle/internal/component/local/model/DefaultLocalComponentMetadata$1 done


Dynamic libraries:
0x00007ff7a4810000 - 0x00007ff7a4841000 	C:\Program Files\Android\Android Studio\jre\bin\java.exe
0x00007ffd25d30000 - 0x00007ffd25edc000 	C:\Windows\SYSTEM32\ntdll.dll
0x00007ffd25860000 - 0x00007ffd2599e000 	C:\Windows\system32\KERNEL32.DLL
0x00007ffd15a80000 - 0x00007ffd15ab3000 	C:\Program Files\AVAST Software\Avast\x64\aswhooka.dll
0x00007ffd23290000 - 0x00007ffd233a5000 	C:\Windows\system32\KERNELBASE.dll
0x00007ffd23630000 - 0x00007ffd236da000 	C:\Windows\system32\ADVAPI32.dll
0x00007ffd254c0000 - 0x00007ffd25637000 	C:\Windows\system32\USER32.dll
0x00007ffd20f50000 - 0x00007ffd211cb000 	C:\Windows\WinSxS\amd64_microsoft.windows.common-controls_6595b64144ccf1df_6.0.9600.17415_none_6240486fecbd8abb\COMCTL32.dll
0x00007ffd25c40000 - 0x00007ffd25cea000 	C:\Windows\system32\msvcrt.dll
0x00007ffd233b0000 - 0x00007ffd23409000 	C:\Windows\SYSTEM32\sechost.dll
0x00007ffd23bb0000 - 0x00007ffd23cf1000 	C:\Windows\system32\RPCRT4.dll
0x00007ffd23a50000 - 0x00007ffd23ba1000 	C:\Windows\system32\GDI32.dll
0x00007ffd25cf0000 - 0x00007ffd25d26000 	C:\Windows\system32\IMM32.DLL
0x00007ffd23740000 - 0x00007ffd23893000 	C:\Windows\system32\MSCTF.dll
0x0000000064d40000 - 0x0000000064e12000 	C:\Program Files\Android\Android Studio\jre\jre\bin\msvcr100.dll
0x0000000064f00000 - 0x000000006573c000 	C:\Program Files\Android\Android Studio\jre\jre\bin\server\jvm.dll
0x00007ffd12ad0000 - 0x00007ffd12ad9000 	C:\Windows\SYSTEM32\WSOCK32.dll
0x00007ffd1f9a0000 - 0x00007ffd1f9c2000 	C:\Windows\SYSTEM32\WINMM.dll
0x00007ffd201b0000 - 0x00007ffd201ba000 	C:\Windows\SYSTEM32\VERSION.dll
0x00007ffd23620000 - 0x00007ffd23627000 	C:\Windows\system32\PSAPI.DLL
0x00007ffd236e0000 - 0x00007ffd2373a000 	C:\Windows\system32\WS2_32.dll
0x00007ffd1f970000 - 0x00007ffd1f99a000 	C:\Windows\SYSTEM32\WINMMBASE.dll
0x00007ffd234d0000 - 0x00007ffd234d9000 	C:\Windows\system32\NSI.dll
0x00007ffd23190000 - 0x00007ffd231df000 	C:\Windows\SYSTEM32\cfgmgr32.dll
0x00007ffd21c70000 - 0x00007ffd21c98000 	C:\Windows\SYSTEM32\DEVOBJ.dll
0x00007ffd12aa0000 - 0x00007ffd12aaf000 	C:\Program Files\Android\Android Studio\jre\jre\bin\verify.dll
0x00007ffd0ff60000 - 0x00007ffd0ff89000 	C:\Program Files\Android\Android Studio\jre\jre\bin\java.dll
0x00007ffd11d80000 - 0x00007ffd11d96000 	C:\Program Files\Android\Android Studio\jre\jre\bin\zip.dll
0x00007ffd23d20000 - 0x00007ffd25239000 	C:\Windows\system32\SHELL32.dll
0x00007ffd25640000 - 0x00007ffd25851000 	C:\Windows\SYSTEM32\combase.dll
0x00007ffd25450000 - 0x00007ffd254a4000 	C:\Windows\system32\SHLWAPI.dll
0x00007ffd213a0000 - 0x00007ffd21452000 	C:\Windows\SYSTEM32\SHCORE.dll
0x00007ffd22e80000 - 0x00007ffd22e95000 	C:\Windows\SYSTEM32\profapi.dll
0x00007ffd101f0000 - 0x00007ffd1020a000 	C:\Program Files\Android\Android Studio\jre\jre\bin\net.dll
0x00007ffd226f0000 - 0x00007ffd22749000 	C:\Windows\system32\mswsock.dll
0x00007ffd10100000 - 0x00007ffd10111000 	C:\Program Files\Android\Android Studio\jre\jre\bin\nio.dll
0x00007ffd14b50000 - 0x00007ffd14b6e000 	C:\Users\Lin\.gradle\native\23\windows-amd64\native-platform.dll
0x00007ffd22750000 - 0x00007ffd22770000 	C:\Windows\SYSTEM32\CRYPTSP.dll
0x00007ffd22370000 - 0x00007ffd223a6000 	C:\Windows\system32\rsaenh.dll
0x00007ffd229a0000 - 0x00007ffd229c6000 	C:\Windows\SYSTEM32\bcrypt.dll
0x00007ffd22480000 - 0x00007ffd224a1000 	C:\Windows\SYSTEM32\USERENV.dll
0x00007ffd22ce0000 - 0x00007ffd22d43000 	C:\Windows\system32\bcryptprimitives.dll
0x00007ffd22d50000 - 0x00007ffd22d5b000 	C:\Windows\SYSTEM32\CRYPTBASE.dll
0x00007ffd1e080000 - 0x00007ffd1e0aa000 	C:\Windows\SYSTEM32\IPHLPAPI.DLL
0x00007ffd1e050000 - 0x00007ffd1e05a000 	C:\Windows\SYSTEM32\WINNSI.DLL
0x00007ffd1df00000 - 0x00007ffd1df16000 	C:\Windows\SYSTEM32\dhcpcsvc6.DLL
0x00007ffd1dee0000 - 0x00007ffd1defa000 	C:\Windows\SYSTEM32\dhcpcsvc.DLL
0x00007ffd125b0000 - 0x00007ffd125bd000 	C:\Program Files\Android\Android Studio\jre\jre\bin\management.dll
0x00007ffd0c460000 - 0x00007ffd0c484000 	C:\Program Files\Android\Android Studio\jre\jre\bin\sunec.dll
0x00007ffd0e340000 - 0x00007ffd0e34b000 	C:\Program Files\Android\Android Studio\jre\jre\bin\sunmscapi.dll
0x00007ffd22fb0000 - 0x00007ffd2318f000 	C:\Windows\system32\CRYPT32.dll
0x00007ffd22f30000 - 0x00007ffd22f41000 	C:\Windows\system32\MSASN1.dll
0x00007ffd224f0000 - 0x00007ffd22594000 	C:\Windows\SYSTEM32\DNSAPI.dll
0x00007ffd207a0000 - 0x00007ffd207aa000 	C:\Windows\System32\rasadhlp.dll
0x00007ffd1de10000 - 0x00007ffd1de7b000 	C:\Windows\System32\fwpuclnt.dll
0x00007ffd146a0000 - 0x00007ffd1482a000 	C:\Windows\SYSTEM32\dbghelp.dll

VM Arguments:
jvm_args: -Xmx1536m -Dfile.encoding=GBK -Duser.country=US -Duser.language=en -Duser.variant 
java_command: org.gradle.launcher.daemon.bootstrap.GradleDaemon 3.3
java_class_path (initial): C:\Users\Lin\.gradle\wrapper\dists\gradle-3.3-all\55gk2rcmfc6p2dg9u9ohc3hw9\gradle-3.3\lib\gradle-launcher-3.3.jar
Launcher Type: SUN_STANDARD

Environment Variables:
PATH=C:\Windows\system32;C:\Windows;C:\Windows\System32\Wbem;C:\Windows\System32\WindowsPowerShell\v1.0\
USERNAME=Lin
OS=Windows_NT
PROCESSOR_IDENTIFIER=Intel64 Family 6 Model 60 Stepping 3, GenuineIntel



---------------  S Y S T E M  ---------------

OS: Windows 8.1 , 64 bit Build 9600 (6.3.9600.17415)

CPU:total 4 (4 cores per cpu, 1 threads per core) family 6 model 60 stepping 3, cmov, cx8, fxsr, mmx, sse, sse2, sse3, ssse3, sse4.1, sse4.2, popcnt, avx, avx2, aes, clmul, erms, rtm, lzcnt, tsc, tscinvbit, bmi1, bmi2

Memory: 4k page, physical 16714636k(3654648k free), swap 33491852k(16333664k free)

vm_info: OpenJDK 64-Bit Server VM (25.112-b06) for windows-amd64 JRE (1.8.0_112-release-b06), built on Dec  8 2016 00:54:26 by "builder" with MS VC++ 10.0 (VS2010)

time: Wed Aug 30 09:32:42 2017
elapsed time: 3441 seconds (0d 0h 57m 21s)

